Using pre-set license
Built from '2021.3/respin/2021.3.45f2-0da89fac8e' branch; Version is '2021.3.45f2 (88f88f591b2e) revision 8976527'; Using compiler version '192829333'; Build Type 'Release'
OS: 'Windows 10  (10.0.19045) 64bit Professional' Language: 'en' Physical Memory: 32681 MB
BatchMode: 1, IsHumanControllingUs: 0, StartBugReporterOnCrash: 0, Is64bit: 1, IsPro: 1

COMMAND LINE ARGUMENTS:
D:\Unity Installs\2021.3.45f2\Editor\Unity.exe
-adb2
-batchMode
-noUpm
-name
AssetImportWorker6
-projectPath
C:/Users/cheesy/Documents/GitHub/Sanicball
-logFile
Logs/AssetImportWorker6.log
-srvPort
64689
Successfully changed project path to: C:/Users/cheesy/Documents/GitHub/Sanicball
C:/Users/cheesy/Documents/GitHub/Sanicball
[UnityMemory] Configuration Parameters - Can be set up in boot.config
    "memorysetup-bucket-allocator-granularity=16"
    "memorysetup-bucket-allocator-bucket-count=8"
    "memorysetup-bucket-allocator-block-size=33554432"
    "memorysetup-bucket-allocator-block-count=8"
    "memorysetup-main-allocator-block-size=16777216"
    "memorysetup-thread-allocator-block-size=16777216"
    "memorysetup-gfx-main-allocator-block-size=16777216"
    "memorysetup-gfx-thread-allocator-block-size=16777216"
    "memorysetup-cache-allocator-block-size=4194304"
    "memorysetup-typetree-allocator-block-size=2097152"
    "memorysetup-profiler-bucket-allocator-granularity=16"
    "memorysetup-profiler-bucket-allocator-bucket-count=8"
    "memorysetup-profiler-bucket-allocator-block-size=33554432"
    "memorysetup-profiler-bucket-allocator-block-count=8"
    "memorysetup-profiler-allocator-block-size=16777216"
    "memorysetup-profiler-editor-allocator-block-size=1048576"
    "memorysetup-temp-allocator-size-main=16777216"
    "memorysetup-job-temp-allocator-block-size=2097152"
    "memorysetup-job-temp-allocator-block-size-background=1048576"
    "memorysetup-job-temp-allocator-reduction-small-platforms=262144"
    "memorysetup-temp-allocator-size-background-worker=32768"
    "memorysetup-temp-allocator-size-job-worker=262144"
    "memorysetup-temp-allocator-size-preload-manager=33554432"
    "memorysetup-temp-allocator-size-nav-mesh-worker=65536"
    "memorysetup-temp-allocator-size-audio-worker=65536"
    "memorysetup-temp-allocator-size-cloud-worker=32768"
    "memorysetup-temp-allocator-size-gi-baking-worker=262144"
    "memorysetup-temp-allocator-size-gfx=262144"
Player connection [19104] Host "[IP] 192.168.2.211 [Port] 0 [Flags] 2 [Guid] 3433098836 [EditorId] 3433098836 [Version] 1048832 [Id] WindowsEditor(7,CHEESY) [Debug] 1 [PackageName] WindowsEditor [ProjectName] Editor" joined multi-casting on [225.0.0.222:54997]...

Player connection [19104] Host "[IP] 192.168.2.211 [Port] 0 [Flags] 2 [Guid] 3433098836 [EditorId] 3433098836 [Version] 1048832 [Id] WindowsEditor(7,CHEESY) [Debug] 1 [PackageName] WindowsEditor [ProjectName] Editor" joined alternative multi-casting on [225.0.0.222:34997]...

[Physics::Module] Initialized MultithreadedJobDispatcher with {0} workers.
Refreshing native plugins compatible for Editor in 45.17 ms, found 3 plugins.
Preloading 0 native plugins for Editor in 0.00 ms.
Initialize engine version: 2021.3.45f2 (88f88f591b2e)
[Subsystems] Discovering subsystems at path D:/Unity Installs/2021.3.45f2/Editor/Data/Resources/UnitySubsystems
[Subsystems] Discovering subsystems at path C:/Users/cheesy/Documents/GitHub/Sanicball/Assets
GfxDevice: creating device client; threaded=0; jobified=0
Direct3D:
    Version:  Direct3D 11.0 [level 11.1]
    Renderer: NVIDIA GeForce RTX 3060 (ID=0x2504)
    Vendor:   NVIDIA
    VRAM:     12113 MB
    Driver:   32.0.15.9636
Initialize mono
Mono path[0] = 'D:/Unity Installs/2021.3.45f2/Editor/Data/Managed'
Mono path[1] = 'D:/Unity Installs/2021.3.45f2/Editor/Data/MonoBleedingEdge/lib/mono/unityjit-win32'
Mono config path = 'D:/Unity Installs/2021.3.45f2/Editor/Data/MonoBleedingEdge/etc'
Using monoOptions --debugger-agent=transport=dt_socket,embedding=1,server=y,suspend=n,address=127.0.0.1:56832
Begin MonoManager ReloadAssembly
Registering precompiled unity dll's ...
Register platform support module: D:/Unity Installs/2021.3.45f2/Editor/Data/PlaybackEngines/AndroidPlayer/UnityEditor.Android.Extensions.dll
Register platform support module: D:/Unity Installs/2021.3.45f2/Editor/Data/PlaybackEngines/WindowsStandaloneSupport/UnityEditor.WindowsStandalone.Extensions.dll
Registered in 0.002635 seconds.
Native extension for WindowsStandalone target not found
Native extension for Android target not found
Android Extension - Scanning For ADB Devices 290 ms
Refreshing native plugins compatible for Editor in 40.99 ms, found 3 plugins.
Preloading 0 native plugins for Editor in 0.00 ms.
Mono: successfully reloaded assembly
- Completed reload, in  0.828 seconds
Domain Reload Profiling:
	ReloadAssembly (829ms)
		BeginReloadAssembly (93ms)
			ExecutionOrderSort (0ms)
			DisableScriptedObjects (0ms)
			BackupInstance (0ms)
			ReleaseScriptingObjects (0ms)
			CreateAndSetChildDomain (1ms)
		EndReloadAssembly (659ms)
			LoadAssemblies (94ms)
			RebuildTransferFunctionScriptingTraits (0ms)
			SetupTypeCache (88ms)
			ReleaseScriptCaches (0ms)
			RebuildScriptCaches (22ms)
			SetupLoadedEditorAssemblies (515ms)
				LogAssemblyErrors (0ms)
				InitializePlatformSupportModulesInManaged (362ms)
				SetLoadedEditorAssemblies (0ms)
				RefreshPlugins (41ms)
				BeforeProcessingInitializeOnLoad (1ms)
				ProcessInitializeOnLoadAttributes (78ms)
				ProcessInitializeOnLoadMethodAttributes (33ms)
				AfterProcessingInitializeOnLoad (0ms)
				EditorAssembliesLoaded (0ms)
			ExecutionOrderSort2 (0ms)
			AwakeInstancesAfterBackupRestoration (0ms)
Platform modules already initialized, skipping
Registering precompiled user dll's ...
Registered in 0.005567 seconds.
Begin MonoManager ReloadAssembly
OnLevelWasLoaded was found on MatchManager
This message has been deprecated and will be removed in a later version of Unity.
Add a delegate to SceneManager.sceneLoaded instead to get notifications after scene loading has completed
Native extension for WindowsStandalone target not found
Native extension for Android target not found
Refreshing native plugins compatible for Editor in 0.61 ms, found 3 plugins.
Preloading 0 native plugins for Editor in 0.00 ms.
Package Manager log level set to [2]
[Package Manager] Server::EnsureServerProcessIsRunning -- launch failed, reason: Unity was launched with the -noUpm command-line argument
[Package Manager] Cannot connect to Unity Package Manager local server
Mono: successfully reloaded assembly
- Completed reload, in  1.144 seconds
Domain Reload Profiling:
	ReloadAssembly (1144ms)
		BeginReloadAssembly (122ms)
			ExecutionOrderSort (0ms)
			DisableScriptedObjects (5ms)
			BackupInstance (0ms)
			ReleaseScriptingObjects (0ms)
			CreateAndSetChildDomain (20ms)
		EndReloadAssembly (955ms)
			LoadAssemblies (93ms)
			RebuildTransferFunctionScriptingTraits (0ms)
			SetupTypeCache (170ms)
			ReleaseScriptCaches (1ms)
			RebuildScriptCaches (41ms)
			SetupLoadedEditorAssemblies (647ms)
				LogAssemblyErrors (0ms)
				InitializePlatformSupportModulesInManaged (10ms)
				SetLoadedEditorAssemblies (0ms)
				RefreshPlugins (1ms)
				BeforeProcessingInitializeOnLoad (38ms)
				ProcessInitializeOnLoadAttributes (578ms)
				ProcessInitializeOnLoadMethodAttributes (18ms)
				AfterProcessingInitializeOnLoad (2ms)
				EditorAssembliesLoaded (0ms)
			ExecutionOrderSort2 (0ms)
			AwakeInstancesAfterBackupRestoration (5ms)
Platform modules already initialized, skipping
========================================================================
Worker process is ready to serve import requests
Launched and connected shader compiler UnityShaderCompiler.exe after 0.05 seconds
Refreshing native plugins compatible for Editor in 0.65 ms, found 3 plugins.
Preloading 0 native plugins for Editor in 0.00 ms.
Unloading 3246 Unused Serialized files (Serialized files now loaded: 0)
Unloading 26 unused Assets / (47.1 KB). Loaded Objects now: 3727.
Memory consumption went from 138.3 MB to 138.2 MB.
Total: 2.773900 ms (FindLiveObjects: 0.247500 ms CreateObjectMapping: 0.094000 ms MarkObjects: 2.357700 ms  DeleteObjects: 0.074100 ms)

AssetImportParameters requested are different than current active one (requested -> active):
  custom:video-decoder-ogg-theora: a1e56fd34408186e4bbccfd4996cb3dc -> 
  custom:container-muxer-webm: aa71ff27fc2769a1b78a27578f13a17b -> 
  custom:container-demuxer-webm: 4f35f7cbe854078d1ac9338744f61a02 -> 
  custom:video-encoder-webm-vp8: eb34c28f22e8b96e1ab97ce403110664 -> 
  custom:video-codec-MediaFoundation-h265: 746d11721c4dcdbdad8f713fa42b33f4 -> 
  custom:CustomObjectIndexerAttribute: bc11b3a6c3213fcdd17b65e7da85e133 -> 
  custom:audio-encoder-webm-vorbis: bf7c407c2cedff20999df2af8eb42d56 -> 
  custom:framework-win-MediaFoundation: 216162199b28c13a410421893ffa2e32 -> 
  custom:SearchIndexIgnoredProperties: e643bd26f0fe6173181afceb89e7c659 -> 
  custom:container-demuxer-ogg: 62fdf1f143b41e24485cea50d1cbac27 -> 
  custom:video-decoder-webm-vp8: 9c59270c3fd7afecdb556c50c9e8de78 -> 
  custom:audio-decoder-ogg-vorbis: bf7c407c2cedff20999df2af8eb42d56 -> 
========================================================================
Received Prepare
Registering precompiled user dll's ...
Registered in 0.004763 seconds.
Begin MonoManager ReloadAssembly
Native extension for WindowsStandalone target not found
Native extension for Android target not found
Refreshing native plugins compatible for Editor in 2.51 ms, found 3 plugins.
Preloading 0 native plugins for Editor in 0.00 ms.
[Package Manager] Server::EnsureServerProcessIsRunning -- launch failed, reason: Unity was launched with the -noUpm command-line argument
[Package Manager] Cannot connect to Unity Package Manager local server
Mono: successfully reloaded assembly
- Completed reload, in  1.253 seconds
Domain Reload Profiling:
	ReloadAssembly (1254ms)
		BeginReloadAssembly (180ms)
			ExecutionOrderSort (0ms)
			DisableScriptedObjects (4ms)
			BackupInstance (0ms)
			ReleaseScriptingObjects (0ms)
			CreateAndSetChildDomain (30ms)
		EndReloadAssembly (1009ms)
			LoadAssemblies (143ms)
			RebuildTransferFunctionScriptingTraits (0ms)
			SetupTypeCache (192ms)
			ReleaseScriptCaches (1ms)
			RebuildScriptCaches (28ms)
			SetupLoadedEditorAssemblies (672ms)
				LogAssemblyErrors (0ms)
				InitializePlatformSupportModulesInManaged (23ms)
				SetLoadedEditorAssemblies (1ms)
				RefreshPlugins (3ms)
				BeforeProcessingInitializeOnLoad (75ms)
				ProcessInitializeOnLoadAttributes (552ms)
				ProcessInitializeOnLoadMethodAttributes (16ms)
				AfterProcessingInitializeOnLoad (2ms)
				EditorAssembliesLoaded (0ms)
			ExecutionOrderSort2 (0ms)
			AwakeInstancesAfterBackupRestoration (5ms)
Platform modules already initialized, skipping
OnLevelWasLoaded was found on MatchManager
This message has been deprecated and will be removed in a later version of Unity.
Add a delegate to SceneManager.sceneLoaded instead to get notifications after scene loading has completed
Refreshing native plugins compatible for Editor in 0.64 ms, found 3 plugins.
Preloading 0 native plugins for Editor in 0.00 ms.
Unloading 3172 Unused Serialized files (Serialized files now loaded: 0)
Unloading 21 unused Assets / (21.9 KB). Loaded Objects now: 3730.
Memory consumption went from 131.0 MB to 131.0 MB.
Total: 3.270100 ms (FindLiveObjects: 0.293500 ms CreateObjectMapping: 0.078200 ms MarkObjects: 2.874300 ms  DeleteObjects: 0.023400 ms)

AssetImportParameters requested are different than current active one (requested -> active):
  custom:video-decoder-ogg-theora: a1e56fd34408186e4bbccfd4996cb3dc -> 
  custom:container-muxer-webm: aa71ff27fc2769a1b78a27578f13a17b -> 
  custom:container-demuxer-webm: 4f35f7cbe854078d1ac9338744f61a02 -> 
  custom:video-encoder-webm-vp8: eb34c28f22e8b96e1ab97ce403110664 -> 
  custom:video-codec-MediaFoundation-h265: 746d11721c4dcdbdad8f713fa42b33f4 -> 
  custom:CustomObjectIndexerAttribute: bc11b3a6c3213fcdd17b65e7da85e133 -> 
  custom:audio-encoder-webm-vorbis: bf7c407c2cedff20999df2af8eb42d56 -> 
  custom:framework-win-MediaFoundation: 216162199b28c13a410421893ffa2e32 -> 
  custom:SearchIndexIgnoredProperties: e643bd26f0fe6173181afceb89e7c659 -> 
  custom:container-demuxer-ogg: 62fdf1f143b41e24485cea50d1cbac27 -> 
  custom:video-decoder-webm-vp8: 9c59270c3fd7afecdb556c50c9e8de78 -> 
  custom:audio-decoder-ogg-vorbis: bf7c407c2cedff20999df2af8eb42d56 -> 
========================================================================
Received Prepare
Registering precompiled user dll's ...
Registered in 0.005903 seconds.
Begin MonoManager ReloadAssembly
Native extension for WindowsStandalone target not found
Native extension for Android target not found
Refreshing native plugins compatible for Editor in 0.62 ms, found 3 plugins.
Preloading 0 native plugins for Editor in 0.00 ms.
[Package Manager] Server::EnsureServerProcessIsRunning -- launch failed, reason: Unity was launched with the -noUpm command-line argument
[Package Manager] Cannot connect to Unity Package Manager local server
Mono: successfully reloaded assembly
- Completed reload, in  1.268 seconds
Domain Reload Profiling:
	ReloadAssembly (1269ms)
		BeginReloadAssembly (195ms)
			ExecutionOrderSort (0ms)
			DisableScriptedObjects (4ms)
			BackupInstance (0ms)
			ReleaseScriptingObjects (0ms)
			CreateAndSetChildDomain (30ms)
		EndReloadAssembly (1009ms)
			LoadAssemblies (160ms)
			RebuildTransferFunctionScriptingTraits (0ms)
			SetupTypeCache (272ms)
			ReleaseScriptCaches (1ms)
			RebuildScriptCaches (29ms)
			SetupLoadedEditorAssemblies (598ms)
				LogAssemblyErrors (0ms)
				InitializePlatformSupportModulesInManaged (11ms)
				SetLoadedEditorAssemblies (0ms)
				RefreshPlugins (1ms)
				BeforeProcessingInitializeOnLoad (29ms)
				ProcessInitializeOnLoadAttributes (541ms)
				ProcessInitializeOnLoadMethodAttributes (15ms)
				AfterProcessingInitializeOnLoad (2ms)
				EditorAssembliesLoaded (0ms)
			ExecutionOrderSort2 (0ms)
			AwakeInstancesAfterBackupRestoration (5ms)
Platform modules already initialized, skipping
OnLevelWasLoaded was found on MatchManager
This message has been deprecated and will be removed in a later version of Unity.
Add a delegate to SceneManager.sceneLoaded instead to get notifications after scene loading has completed
Refreshing native plugins compatible for Editor in 0.77 ms, found 3 plugins.
Preloading 0 native plugins for Editor in 0.00 ms.
Unloading 3172 Unused Serialized files (Serialized files now loaded: 0)
Unloading 21 unused Assets / (21.9 KB). Loaded Objects now: 3733.
Memory consumption went from 131.0 MB to 131.0 MB.
Total: 2.532500 ms (FindLiveObjects: 0.221900 ms CreateObjectMapping: 0.078100 ms MarkObjects: 2.213900 ms  DeleteObjects: 0.017600 ms)

AssetImportParameters requested are different than current active one (requested -> active):
  custom:video-decoder-ogg-theora: a1e56fd34408186e4bbccfd4996cb3dc -> 
  custom:container-muxer-webm: aa71ff27fc2769a1b78a27578f13a17b -> 
  custom:container-demuxer-webm: 4f35f7cbe854078d1ac9338744f61a02 -> 
  custom:video-encoder-webm-vp8: eb34c28f22e8b96e1ab97ce403110664 -> 
  custom:video-codec-MediaFoundation-h265: 746d11721c4dcdbdad8f713fa42b33f4 -> 
  custom:CustomObjectIndexerAttribute: bc11b3a6c3213fcdd17b65e7da85e133 -> 
  custom:audio-encoder-webm-vorbis: bf7c407c2cedff20999df2af8eb42d56 -> 
  custom:framework-win-MediaFoundation: 216162199b28c13a410421893ffa2e32 -> 
  custom:SearchIndexIgnoredProperties: e643bd26f0fe6173181afceb89e7c659 -> 
  custom:container-demuxer-ogg: 62fdf1f143b41e24485cea50d1cbac27 -> 
  custom:video-decoder-webm-vp8: 9c59270c3fd7afecdb556c50c9e8de78 -> 
  custom:audio-decoder-ogg-vorbis: bf7c407c2cedff20999df2af8eb42d56 -> 
========================================================================
Received Prepare
Registering precompiled user dll's ...
Registered in 0.005725 seconds.
Begin MonoManager ReloadAssembly
Native extension for WindowsStandalone target not found
Native extension for Android target not found
Refreshing native plugins compatible for Editor in 0.71 ms, found 3 plugins.
Preloading 0 native plugins for Editor in 0.00 ms.
[Package Manager] Server::EnsureServerProcessIsRunning -- launch failed, reason: Unity was launched with the -noUpm command-line argument
[Package Manager] Cannot connect to Unity Package Manager local server
Mono: successfully reloaded assembly
- Completed reload, in  1.162 seconds
Domain Reload Profiling:
	ReloadAssembly (1162ms)
		BeginReloadAssembly (172ms)
			ExecutionOrderSort (0ms)
			DisableScriptedObjects (4ms)
			BackupInstance (0ms)
			ReleaseScriptingObjects (0ms)
			CreateAndSetChildDomain (36ms)
		EndReloadAssembly (920ms)
			LoadAssemblies (125ms)
			RebuildTransferFunctionScriptingTraits (0ms)
			SetupTypeCache (170ms)
			ReleaseScriptCaches (1ms)
			RebuildScriptCaches (27ms)
			SetupLoadedEditorAssemblies (628ms)
				LogAssemblyErrors (0ms)
				InitializePlatformSupportModulesInManaged (12ms)
				SetLoadedEditorAssemblies (0ms)
				RefreshPlugins (1ms)
				BeforeProcessingInitializeOnLoad (33ms)
				ProcessInitializeOnLoadAttributes (566ms)
				ProcessInitializeOnLoadMethodAttributes (15ms)
				AfterProcessingInitializeOnLoad (2ms)
				EditorAssembliesLoaded (0ms)
			ExecutionOrderSort2 (0ms)
			AwakeInstancesAfterBackupRestoration (4ms)
Platform modules already initialized, skipping
OnLevelWasLoaded was found on MatchManager
This message has been deprecated and will be removed in a later version of Unity.
Add a delegate to SceneManager.sceneLoaded instead to get notifications after scene loading has completed
Refreshing native plugins compatible for Editor in 0.62 ms, found 3 plugins.
Preloading 0 native plugins for Editor in 0.00 ms.
Unloading 3172 Unused Serialized files (Serialized files now loaded: 0)
Unloading 21 unused Assets / (22.0 KB). Loaded Objects now: 3736.
Memory consumption went from 131.0 MB to 131.0 MB.
Total: 2.311000 ms (FindLiveObjects: 0.179700 ms CreateObjectMapping: 0.091000 ms MarkObjects: 2.023500 ms  DeleteObjects: 0.016300 ms)

AssetImportParameters requested are different than current active one (requested -> active):
  custom:video-decoder-ogg-theora: a1e56fd34408186e4bbccfd4996cb3dc -> 
  custom:container-muxer-webm: aa71ff27fc2769a1b78a27578f13a17b -> 
  custom:container-demuxer-webm: 4f35f7cbe854078d1ac9338744f61a02 -> 
  custom:video-encoder-webm-vp8: eb34c28f22e8b96e1ab97ce403110664 -> 
  custom:video-codec-MediaFoundation-h265: 746d11721c4dcdbdad8f713fa42b33f4 -> 
  custom:CustomObjectIndexerAttribute: bc11b3a6c3213fcdd17b65e7da85e133 -> 
  custom:audio-encoder-webm-vorbis: bf7c407c2cedff20999df2af8eb42d56 -> 
  custom:framework-win-MediaFoundation: 216162199b28c13a410421893ffa2e32 -> 
  custom:SearchIndexIgnoredProperties: e643bd26f0fe6173181afceb89e7c659 -> 
  custom:container-demuxer-ogg: 62fdf1f143b41e24485cea50d1cbac27 -> 
  custom:video-decoder-webm-vp8: 9c59270c3fd7afecdb556c50c9e8de78 -> 
  custom:audio-decoder-ogg-vorbis: bf7c407c2cedff20999df2af8eb42d56 -> 
========================================================================
Received Import Request.
  Time since last request: 85373.944664 seconds.
  path: Assets/Prefabs/User Interface/ScoreboardCanvas.prefab
  artifactKey: Guid(0729525267b150b499b26f95c4429ac3) Importer(815301076,1909f56bfc062723c751e8b465ee728b)
Number of updated assets reloaded before import = 0
Start importing Assets/Prefabs/User Interface/ScoreboardCanvas.prefab using Guid(0729525267b150b499b26f95c4429ac3) Importer(815301076,1909f56bfc062723c751e8b465ee728b)  -> (artifact id: 'aa388140418d4f8c697cc315a7187de8') in 0.042887 seconds 
Number of asset objects unloaded after import = 97
========================================================================
Received Import Request.
  Time since last request: 3.888290 seconds.
  path: Assets/Prefabs/User Interface/MusicPlayerCanvas.prefab
  artifactKey: Guid(8cee92b7e27d99042b0a050e833b027a) Importer(815301076,1909f56bfc062723c751e8b465ee728b)
Number of updated assets reloaded before import = 0
Start importing Assets/Prefabs/User Interface/MusicPlayerCanvas.prefab using Guid(8cee92b7e27d99042b0a050e833b027a) Importer(815301076,1909f56bfc062723c751e8b465ee728b)  -> (artifact id: '8c405eb1130916b51de2546ce8e6ec72') in 0.003677 seconds 
Number of asset objects unloaded after import = 30
========================================================================
Received Import Request.
  Time since last request: 0.197390 seconds.
  path: Assets/Prefabs/User Interface/MusicPlayerCanvas.prefab
  artifactKey: Guid(8cee92b7e27d99042b0a050e833b027a) Importer(815301076,1909f56bfc062723c751e8b465ee728b)
Number of updated assets reloaded before import = 0
Start importing Assets/Prefabs/User Interface/MusicPlayerCanvas.prefab using Guid(8cee92b7e27d99042b0a050e833b027a) Importer(815301076,1909f56bfc062723c751e8b465ee728b)  -> (artifact id: 'f9bf4bdcdaa6e9d1da6a57ec97dd4f0f') in 0.004713 seconds 
Number of asset objects unloaded after import = 30
========================================================================
Received Import Request.
  Time since last request: 4.897627 seconds.
  path: Assets/Prefabs/User Interface/Controls
  artifactKey: Guid(87af2e87dfba77c439a9a07ce89afab6) Importer(815301076,1909f56bfc062723c751e8b465ee728b)
Number of updated assets reloaded before import = 0
Start importing Assets/Prefabs/User Interface/Controls using Guid(87af2e87dfba77c439a9a07ce89afab6) Importer(815301076,1909f56bfc062723c751e8b465ee728b)  -> (artifact id: 'ad7edb5a951aedbcc7fad1bbd30a8a85') in 0.001329 seconds 
Number of asset objects unloaded after import = 0
========================================================================
Received Import Request.
  Time since last request: 14.613176 seconds.
  path: Assets/Prefabs/User Interface/Controls/Touch.prefab
  artifactKey: Guid(07d9e4c4600ba11408c29c6e800266e6) Importer(815301076,1909f56bfc062723c751e8b465ee728b)
Number of updated assets reloaded before import = 0
Start importing Assets/Prefabs/User Interface/Controls/Touch.prefab using Guid(07d9e4c4600ba11408c29c6e800266e6) Importer(815301076,1909f56bfc062723c751e8b465ee728b)  -> (artifact id: '1c57478de301dbb4150c2b90d9cc6e58') in 0.005777 seconds 
Number of asset objects unloaded after import = 92
========================================================================
Received Import Request.
  Time since last request: 0.787994 seconds.
  path: Assets/Prefabs/User Interface/Controls/Touch.prefab
  artifactKey: Guid(07d9e4c4600ba11408c29c6e800266e6) Importer(815301076,1909f56bfc062723c751e8b465ee728b)
Number of updated assets reloaded before import = 0
Start importing Assets/Prefabs/User Interface/Controls/Touch.prefab using Guid(07d9e4c4600ba11408c29c6e800266e6) Importer(815301076,1909f56bfc062723c751e8b465ee728b)  -> (artifact id: '1ebe4e7d5cac6dacd2a2a2e72729050d') in 0.004392 seconds 
Number of asset objects unloaded after import = 92
========================================================================
Received Import Request.
  Time since last request: 2.209246 seconds.
  path: Assets/Prefabs/User Interface/Controls/Touch.prefab
  artifactKey: Guid(07d9e4c4600ba11408c29c6e800266e6) Importer(815301076,1909f56bfc062723c751e8b465ee728b)
Number of updated assets reloaded before import = 0
Start importing Assets/Prefabs/User Interface/Controls/Touch.prefab using Guid(07d9e4c4600ba11408c29c6e800266e6) Importer(815301076,1909f56bfc062723c751e8b465ee728b)  -> (artifact id: 'e7d27d7099a7887ed6b178bf41200a32') in 0.004303 seconds 
Number of asset objects unloaded after import = 92
========================================================================
Received Import Request.
  Time since last request: 0.396869 seconds.
  path: Assets/Prefabs/User Interface/Controls/Touch.prefab
  artifactKey: Guid(07d9e4c4600ba11408c29c6e800266e6) Importer(815301076,1909f56bfc062723c751e8b465ee728b)
Number of updated assets reloaded before import = 0
Start importing Assets/Prefabs/User Interface/Controls/Touch.prefab using Guid(07d9e4c4600ba11408c29c6e800266e6) Importer(815301076,1909f56bfc062723c751e8b465ee728b)  -> (artifact id: 'f6077e5b35573a3f429a32e589553373') in 0.004274 seconds 
Number of asset objects unloaded after import = 92
========================================================================
Received Import Request.
  Time since last request: 4.212756 seconds.
  path: Assets/Prefabs/User Interface/Controls/Touch.prefab
  artifactKey: Guid(07d9e4c4600ba11408c29c6e800266e6) Importer(815301076,1909f56bfc062723c751e8b465ee728b)
Number of updated assets reloaded before import = 0
Start importing Assets/Prefabs/User Interface/Controls/Touch.prefab using Guid(07d9e4c4600ba11408c29c6e800266e6) Importer(815301076,1909f56bfc062723c751e8b465ee728b)  -> (artifact id: 'e1a99df7312883c273f5550923297e28') in 0.004518 seconds 
Number of asset objects unloaded after import = 92
========================================================================
Received Import Request.
  Time since last request: 2.009204 seconds.
  path: Assets/Prefabs/User Interface/Controls/Touch.prefab
  artifactKey: Guid(07d9e4c4600ba11408c29c6e800266e6) Importer(815301076,1909f56bfc062723c751e8b465ee728b)
Number of updated assets reloaded before import = 0
Start importing Assets/Prefabs/User Interface/Controls/Touch.prefab using Guid(07d9e4c4600ba11408c29c6e800266e6) Importer(815301076,1909f56bfc062723c751e8b465ee728b)  -> (artifact id: '12ef013c3580b945fc251224475e7723') in 0.004315 seconds 
Number of asset objects unloaded after import = 92
========================================================================
Received Import Request.
  Time since last request: 1.601118 seconds.
  path: Assets/Prefabs/User Interface/Controls/Touch.prefab
  artifactKey: Guid(07d9e4c4600ba11408c29c6e800266e6) Importer(815301076,1909f56bfc062723c751e8b465ee728b)
Number of updated assets reloaded before import = 0
Start importing Assets/Prefabs/User Interface/Controls/Touch.prefab using Guid(07d9e4c4600ba11408c29c6e800266e6) Importer(815301076,1909f56bfc062723c751e8b465ee728b)  -> (artifact id: 'e4824d799ab56c3cc9f55f2d8f463b41') in 0.004549 seconds 
Number of asset objects unloaded after import = 92
========================================================================
Received Import Request.
  Time since last request: 1.602216 seconds.
  path: Assets/Prefabs/User Interface/Controls/Touch.prefab
  artifactKey: Guid(07d9e4c4600ba11408c29c6e800266e6) Importer(815301076,1909f56bfc062723c751e8b465ee728b)
Number of updated assets reloaded before import = 0
Start importing Assets/Prefabs/User Interface/Controls/Touch.prefab using Guid(07d9e4c4600ba11408c29c6e800266e6) Importer(815301076,1909f56bfc062723c751e8b465ee728b)  -> (artifact id: 'c437b2a2191c12ee0c8956ecad9acfe2') in 0.004227 seconds 
Number of asset objects unloaded after import = 92
========================================================================
Received Import Request.
  Time since last request: 3.829507 seconds.
  path: Assets/Prefabs/User Interface/Controls/Touch.prefab
  artifactKey: Guid(07d9e4c4600ba11408c29c6e800266e6) Importer(815301076,1909f56bfc062723c751e8b465ee728b)
Number of updated assets reloaded before import = 0
Start importing Assets/Prefabs/User Interface/Controls/Touch.prefab using Guid(07d9e4c4600ba11408c29c6e800266e6) Importer(815301076,1909f56bfc062723c751e8b465ee728b)  -> (artifact id: '02a693308a39c5b9664cf0084122072a') in 0.004320 seconds 
Number of asset objects unloaded after import = 92
========================================================================
Received Import Request.
  Time since last request: 5.444136 seconds.
  path: Assets/Prefabs/User Interface/Controls/Touch.prefab
  artifactKey: Guid(07d9e4c4600ba11408c29c6e800266e6) Importer(815301076,1909f56bfc062723c751e8b465ee728b)
Number of updated assets reloaded before import = 0
Start importing Assets/Prefabs/User Interface/Controls/Touch.prefab using Guid(07d9e4c4600ba11408c29c6e800266e6) Importer(815301076,1909f56bfc062723c751e8b465ee728b)  -> (artifact id: '6fd1d6b23bf05a263efc548267e993ee') in 0.004713 seconds 
Number of asset objects unloaded after import = 92
========================================================================
Received Import Request.
  Time since last request: 0.395599 seconds.
  path: Assets/Prefabs/User Interface/Controls/Touch.prefab
  artifactKey: Guid(07d9e4c4600ba11408c29c6e800266e6) Importer(815301076,1909f56bfc062723c751e8b465ee728b)
Number of updated assets reloaded before import = 0
Start importing Assets/Prefabs/User Interface/Controls/Touch.prefab using Guid(07d9e4c4600ba11408c29c6e800266e6) Importer(815301076,1909f56bfc062723c751e8b465ee728b)  -> (artifact id: 'f4d87aff84e162d931aaf6955172b25f') in 0.004526 seconds 
Number of asset objects unloaded after import = 92
========================================================================
Received Import Request.
  Time since last request: 5.423454 seconds.
  path: Assets/Prefabs/User Interface/Controls/Touch.prefab
  artifactKey: Guid(07d9e4c4600ba11408c29c6e800266e6) Importer(815301076,1909f56bfc062723c751e8b465ee728b)
Number of updated assets reloaded before import = 0
Start importing Assets/Prefabs/User Interface/Controls/Touch.prefab using Guid(07d9e4c4600ba11408c29c6e800266e6) Importer(815301076,1909f56bfc062723c751e8b465ee728b)  -> (artifact id: '4f066cbcb8db32550d3c3065c89d9765') in 0.005033 seconds 
Number of asset objects unloaded after import = 92
========================================================================
Received Import Request.
  Time since last request: 2.006267 seconds.
  path: Assets/Prefabs/User Interface/Controls/Touch.prefab
  artifactKey: Guid(07d9e4c4600ba11408c29c6e800266e6) Importer(815301076,1909f56bfc062723c751e8b465ee728b)
Number of updated assets reloaded before import = 0
Start importing Assets/Prefabs/User Interface/Controls/Touch.prefab using Guid(07d9e4c4600ba11408c29c6e800266e6) Importer(815301076,1909f56bfc062723c751e8b465ee728b)  -> (artifact id: 'f4b72decc14c8f86b01084cb173cbc45') in 0.004450 seconds 
Number of asset objects unloaded after import = 92
========================================================================
Received Import Request.
  Time since last request: 4.624654 seconds.
  path: Assets/Prefabs/User Interface/Controls/Touch.prefab
  artifactKey: Guid(07d9e4c4600ba11408c29c6e800266e6) Importer(815301076,1909f56bfc062723c751e8b465ee728b)
Number of updated assets reloaded before import = 0
Start importing Assets/Prefabs/User Interface/Controls/Touch.prefab using Guid(07d9e4c4600ba11408c29c6e800266e6) Importer(815301076,1909f56bfc062723c751e8b465ee728b)  -> (artifact id: '249ee37dd6e1ca7cdce9427d59d8ac68') in 0.004376 seconds 
Number of asset objects unloaded after import = 92
========================================================================
Received Import Request.
  Time since last request: 1.407400 seconds.
  path: Assets/Prefabs/User Interface/Controls/Touch.prefab
  artifactKey: Guid(07d9e4c4600ba11408c29c6e800266e6) Importer(815301076,1909f56bfc062723c751e8b465ee728b)
Number of updated assets reloaded before import = 0
Start importing Assets/Prefabs/User Interface/Controls/Touch.prefab using Guid(07d9e4c4600ba11408c29c6e800266e6) Importer(815301076,1909f56bfc062723c751e8b465ee728b)  -> (artifact id: 'ee54612c80dbe4025bed5fa018e327c2') in 0.005201 seconds 
Number of asset objects unloaded after import = 92
========================================================================
Received Import Request.
  Time since last request: 1.808348 seconds.
  path: Assets/Prefabs/User Interface/Controls/Touch.prefab
  artifactKey: Guid(07d9e4c4600ba11408c29c6e800266e6) Importer(815301076,1909f56bfc062723c751e8b465ee728b)
Number of updated assets reloaded before import = 0
Start importing Assets/Prefabs/User Interface/Controls/Touch.prefab using Guid(07d9e4c4600ba11408c29c6e800266e6) Importer(815301076,1909f56bfc062723c751e8b465ee728b)  -> (artifact id: '2605ef4df6d844ef496c517c28dbcd12') in 0.004335 seconds 
Number of asset objects unloaded after import = 92
========================================================================
Received Import Request.
  Time since last request: 0.528327 seconds.
  path: Assets/Prefabs/User Interface/Controls/Touch.prefab
  artifactKey: Guid(07d9e4c4600ba11408c29c6e800266e6) Importer(815301076,1909f56bfc062723c751e8b465ee728b)
Number of updated assets reloaded before import = 0
Start importing Assets/Prefabs/User Interface/Controls/Touch.prefab using Guid(07d9e4c4600ba11408c29c6e800266e6) Importer(815301076,1909f56bfc062723c751e8b465ee728b)  -> (artifact id: '9f9d8ca26de4fdc9d978747fbc073b6b') in 0.004340 seconds 
Number of asset objects unloaded after import = 92
========================================================================
Received Import Request.
  Time since last request: 3.701186 seconds.
  path: Assets/Prefabs/User Interface/Controls/Touch.prefab
  artifactKey: Guid(07d9e4c4600ba11408c29c6e800266e6) Importer(815301076,1909f56bfc062723c751e8b465ee728b)
Number of updated assets reloaded before import = 0
Start importing Assets/Prefabs/User Interface/Controls/Touch.prefab using Guid(07d9e4c4600ba11408c29c6e800266e6) Importer(815301076,1909f56bfc062723c751e8b465ee728b)  -> (artifact id: 'e674214ab5d9475b841df392c83e00cc') in 0.004312 seconds 
Number of asset objects unloaded after import = 92
========================================================================
Received Import Request.
  Time since last request: 2.019461 seconds.
  path: Assets/Prefabs/User Interface/Controls/Touch.prefab
  artifactKey: Guid(07d9e4c4600ba11408c29c6e800266e6) Importer(815301076,1909f56bfc062723c751e8b465ee728b)
Number of updated assets reloaded before import = 0
Start importing Assets/Prefabs/User Interface/Controls/Touch.prefab using Guid(07d9e4c4600ba11408c29c6e800266e6) Importer(815301076,1909f56bfc062723c751e8b465ee728b)  -> (artifact id: '1ce26bc6aa750e762594bf067a420116') in 0.004315 seconds 
Number of asset objects unloaded after import = 92
========================================================================
Received Import Request.
  Time since last request: 2.662391 seconds.
  path: Assets/Prefabs/User Interface/Controls/Touch.prefab
  artifactKey: Guid(07d9e4c4600ba11408c29c6e800266e6) Importer(815301076,1909f56bfc062723c751e8b465ee728b)
Number of updated assets reloaded before import = 0
Start importing Assets/Prefabs/User Interface/Controls/Touch.prefab using Guid(07d9e4c4600ba11408c29c6e800266e6) Importer(815301076,1909f56bfc062723c751e8b465ee728b)  -> (artifact id: '5577cea398b7b1af11188de45722435b') in 0.004279 seconds 
Number of asset objects unloaded after import = 92
========================================================================
Received Import Request.
  Time since last request: 1.601198 seconds.
  path: Assets/Prefabs/User Interface/Controls/Touch.prefab
  artifactKey: Guid(07d9e4c4600ba11408c29c6e800266e6) Importer(815301076,1909f56bfc062723c751e8b465ee728b)
Number of updated assets reloaded before import = 0
Start importing Assets/Prefabs/User Interface/Controls/Touch.prefab using Guid(07d9e4c4600ba11408c29c6e800266e6) Importer(815301076,1909f56bfc062723c751e8b465ee728b)  -> (artifact id: '195a19ceb2008826caab9a1534d129fd') in 0.004220 seconds 
Number of asset objects unloaded after import = 92
========================================================================
Received Import Request.
  Time since last request: 3.423179 seconds.
  path: Assets/Prefabs/User Interface/Controls/Touch.prefab
  artifactKey: Guid(07d9e4c4600ba11408c29c6e800266e6) Importer(815301076,1909f56bfc062723c751e8b465ee728b)
Number of updated assets reloaded before import = 0
Start importing Assets/Prefabs/User Interface/Controls/Touch.prefab using Guid(07d9e4c4600ba11408c29c6e800266e6) Importer(815301076,1909f56bfc062723c751e8b465ee728b)  -> (artifact id: '91b6d395efc0b1ebe1349a0641f3e426') in 0.004283 seconds 
Number of asset objects unloaded after import = 92
========================================================================
Received Import Request.
  Time since last request: 5.437692 seconds.
  path: Assets/Prefabs/User Interface/Controls/Touch.prefab
  artifactKey: Guid(07d9e4c4600ba11408c29c6e800266e6) Importer(815301076,1909f56bfc062723c751e8b465ee728b)
Number of updated assets reloaded before import = 0
Start importing Assets/Prefabs/User Interface/Controls/Touch.prefab using Guid(07d9e4c4600ba11408c29c6e800266e6) Importer(815301076,1909f56bfc062723c751e8b465ee728b)  -> (artifact id: 'cbe1c1234a845cd1d6fea7de3db58a48') in 0.004536 seconds 
Number of asset objects unloaded after import = 92
========================================================================
Received Import Request.
  Time since last request: 1.211326 seconds.
  path: Assets/Prefabs/User Interface/Controls/Touch.prefab
  artifactKey: Guid(07d9e4c4600ba11408c29c6e800266e6) Importer(815301076,1909f56bfc062723c751e8b465ee728b)
Number of updated assets reloaded before import = 0
Start importing Assets/Prefabs/User Interface/Controls/Touch.prefab using Guid(07d9e4c4600ba11408c29c6e800266e6) Importer(815301076,1909f56bfc062723c751e8b465ee728b)  -> (artifact id: '5420c935320ef564aa5f623398a59bec') in 0.004841 seconds 
Number of asset objects unloaded after import = 92
========================================================================
Received Import Request.
  Time since last request: 2.021280 seconds.
  path: Assets/Prefabs/User Interface/Controls/Touch.prefab
  artifactKey: Guid(07d9e4c4600ba11408c29c6e800266e6) Importer(815301076,1909f56bfc062723c751e8b465ee728b)
Number of updated assets reloaded before import = 0
Start importing Assets/Prefabs/User Interface/Controls/Touch.prefab using Guid(07d9e4c4600ba11408c29c6e800266e6) Importer(815301076,1909f56bfc062723c751e8b465ee728b)  -> (artifact id: '51056d50730f8fc1785b38ae256865a6') in 0.004348 seconds 
Number of asset objects unloaded after import = 92
========================================================================
Received Import Request.
  Time since last request: 3.829228 seconds.
  path: Assets/Prefabs/User Interface/Controls/Touch.prefab
  artifactKey: Guid(07d9e4c4600ba11408c29c6e800266e6) Importer(815301076,1909f56bfc062723c751e8b465ee728b)
Number of updated assets reloaded before import = 0
Start importing Assets/Prefabs/User Interface/Controls/Touch.prefab using Guid(07d9e4c4600ba11408c29c6e800266e6) Importer(815301076,1909f56bfc062723c751e8b465ee728b)  -> (artifact id: 'cdea925794b17cf1674357c68acad3d5') in 0.005028 seconds 
Number of asset objects unloaded after import = 92
========================================================================
Received Import Request.
  Time since last request: 2.213946 seconds.
  path: Assets/Prefabs/User Interface/Controls/Touch.prefab
  artifactKey: Guid(07d9e4c4600ba11408c29c6e800266e6) Importer(815301076,1909f56bfc062723c751e8b465ee728b)
Number of updated assets reloaded before import = 0
Start importing Assets/Prefabs/User Interface/Controls/Touch.prefab using Guid(07d9e4c4600ba11408c29c6e800266e6) Importer(815301076,1909f56bfc062723c751e8b465ee728b)  -> (artifact id: 'a03317fc1eb100c69551e34db1a7fe82') in 0.004315 seconds 
Number of asset objects unloaded after import = 92
========================================================================
Received Import Request.
  Time since last request: 4.632553 seconds.
  path: Assets/Prefabs/User Interface/Controls/Touch.prefab
  artifactKey: Guid(07d9e4c4600ba11408c29c6e800266e6) Importer(815301076,1909f56bfc062723c751e8b465ee728b)
Number of updated assets reloaded before import = 0
Start importing Assets/Prefabs/User Interface/Controls/Touch.prefab using Guid(07d9e4c4600ba11408c29c6e800266e6) Importer(815301076,1909f56bfc062723c751e8b465ee728b)  -> (artifact id: 'df89b41db7d802951660a95f4e2c0754') in 0.004270 seconds 
Number of asset objects unloaded after import = 92
========================================================================
Received Import Request.
  Time since last request: 1.813867 seconds.
  path: Assets/Prefabs/User Interface/Controls/Touch.prefab
  artifactKey: Guid(07d9e4c4600ba11408c29c6e800266e6) Importer(815301076,1909f56bfc062723c751e8b465ee728b)
Number of updated assets reloaded before import = 0
Start importing Assets/Prefabs/User Interface/Controls/Touch.prefab using Guid(07d9e4c4600ba11408c29c6e800266e6) Importer(815301076,1909f56bfc062723c751e8b465ee728b)  -> (artifact id: '03d0f8d599ca96613da876a586141758') in 0.004456 seconds 
Number of asset objects unloaded after import = 92
========================================================================
Received Import Request.
  Time since last request: 5.437324 seconds.
  path: Assets/Prefabs/User Interface/Controls/Touch.prefab
  artifactKey: Guid(07d9e4c4600ba11408c29c6e800266e6) Importer(815301076,1909f56bfc062723c751e8b465ee728b)
Number of updated assets reloaded before import = 0
Start importing Assets/Prefabs/User Interface/Controls/Touch.prefab using Guid(07d9e4c4600ba11408c29c6e800266e6) Importer(815301076,1909f56bfc062723c751e8b465ee728b)  -> (artifact id: '270f233ad6f6156945780dca720a7bce') in 0.004396 seconds 
Number of asset objects unloaded after import = 92
========================================================================
Received Prepare
Refreshing native plugins compatible for Editor in 5.23 ms, found 3 plugins.
Preloading 0 native plugins for Editor in 0.00 ms.
Unloading 19 Unused Serialized files (Serialized files now loaded: 0)
Unloading 19 unused Assets / (21.9 KB). Loaded Objects now: 3739.
Memory consumption went from 67.9 MB to 67.9 MB.
Total: 2.949700 ms (FindLiveObjects: 0.254300 ms CreateObjectMapping: 0.172000 ms MarkObjects: 2.509300 ms  DeleteObjects: 0.013400 ms)

AssetImportParameters requested are different than current active one (requested -> active):
  custom:video-decoder-ogg-theora: a1e56fd34408186e4bbccfd4996cb3dc -> 
  custom:container-muxer-webm: aa71ff27fc2769a1b78a27578f13a17b -> 
  custom:container-demuxer-webm: 4f35f7cbe854078d1ac9338744f61a02 -> 
  custom:video-encoder-webm-vp8: eb34c28f22e8b96e1ab97ce403110664 -> 
  custom:video-codec-MediaFoundation-h265: 746d11721c4dcdbdad8f713fa42b33f4 -> 
  custom:CustomObjectIndexerAttribute: bc11b3a6c3213fcdd17b65e7da85e133 -> 
  custom:audio-encoder-webm-vorbis: bf7c407c2cedff20999df2af8eb42d56 -> 
  custom:framework-win-MediaFoundation: 216162199b28c13a410421893ffa2e32 -> 
  custom:SearchIndexIgnoredProperties: e643bd26f0fe6173181afceb89e7c659 -> 
  custom:container-demuxer-ogg: 62fdf1f143b41e24485cea50d1cbac27 -> 
  custom:video-decoder-webm-vp8: 9c59270c3fd7afecdb556c50c9e8de78 -> 
  custom:audio-decoder-ogg-vorbis: bf7c407c2cedff20999df2af8eb42d56 -> 
========================================================================
Received Import Request.
  Time since last request: 134.598097 seconds.
  path: Assets/Prefabs/Ingame/Scenery/05 Dusty Desert/RockPebbleDesert.prefab
  artifactKey: Guid(2b6362a1bd355a049a9814a34ca5d324) Importer(815301076,1909f56bfc062723c751e8b465ee728b)
Number of updated assets reloaded before import = 0
Start importing Assets/Prefabs/Ingame/Scenery/05 Dusty Desert/RockPebbleDesert.prefab using Guid(2b6362a1bd355a049a9814a34ca5d324) Importer(815301076,1909f56bfc062723c751e8b465ee728b)  -> (artifact id: '980c81ae8427c24014606ad7b13b9fa4') in 0.072987 seconds 
Number of asset objects unloaded after import = 10
========================================================================
Received Import Request.
  Time since last request: 11.181803 seconds.
  path: Assets/Art/Environment/05 Dusty Desert/Textures/Dunes.jpg
  artifactKey: Guid(c5d501564842b8841962bd7d55d81906) Importer(815301076,1909f56bfc062723c751e8b465ee728b)
Number of updated assets reloaded before import = 0
Start importing Assets/Art/Environment/05 Dusty Desert/Textures/Dunes.jpg using Guid(c5d501564842b8841962bd7d55d81906) Importer(815301076,1909f56bfc062723c751e8b465ee728b)  -> (artifact id: 'c8484b37c98ace91ea54e94263ed521c') in 0.020521 seconds 
Number of asset objects unloaded after import = 2
========================================================================
Received Import Request.
  Time since last request: 0.000015 seconds.
  path: Assets/Art/Environment/05 Dusty Desert/Textures/DesertRock.jpg
  artifactKey: Guid(cca28bbb7e8d01a4d80877db84780314) Importer(815301076,1909f56bfc062723c751e8b465ee728b)
Number of updated assets reloaded before import = 0
Start importing Assets/Art/Environment/05 Dusty Desert/Textures/DesertRock.jpg using Guid(cca28bbb7e8d01a4d80877db84780314) Importer(815301076,1909f56bfc062723c751e8b465ee728b)  -> (artifact id: 'b30632c4b9aa3099b28b68460a00c556') in 0.008082 seconds 
Number of asset objects unloaded after import = 2
========================================================================
Received Import Request.
  Time since last request: 0.000012 seconds.
  path: Assets/Art/Environment/01 Green Hill Zone/Textures/Grass.psd
  artifactKey: Guid(6e0c3d9a777e29145a22da4ef7589791) Importer(815301076,1909f56bfc062723c751e8b465ee728b)
Number of updated assets reloaded before import = 0
Start importing Assets/Art/Environment/01 Green Hill Zone/Textures/Grass.psd using Guid(6e0c3d9a777e29145a22da4ef7589791) Importer(815301076,1909f56bfc062723c751e8b465ee728b)  -> (artifact id: 'cea754cbb0ee1a4c3dbc6f276ddbb56c') in 0.009117 seconds 
Number of asset objects unloaded after import = 2
========================================================================
Received Import Request.
  Time since last request: 1.428137 seconds.
  path: Assets/_TerrainAutoUpgrade/layer_DesertRockDesertRock_Normal89a96453d38a67d2.terrainlayer
  artifactKey: Guid(98b08645080b2594588d08696829eba4) Importer(815301076,1909f56bfc062723c751e8b465ee728b)
Number of updated assets reloaded before import = 0
Start importing Assets/_TerrainAutoUpgrade/layer_DesertRockDesertRock_Normal89a96453d38a67d2.terrainlayer using Guid(98b08645080b2594588d08696829eba4) Importer(815301076,1909f56bfc062723c751e8b465ee728b)  -> (artifact id: '0b094ffcd6ae6f0fddd79089102f2a3e') in 0.068061 seconds 
Number of asset objects unloaded after import = 4
========================================================================
Received Import Request.
  Time since last request: 0.712760 seconds.
  path: Assets/_TerrainAutoUpgrade/layer_DunesDunes_Normal3ec942c0ca31c357.terrainlayer
  artifactKey: Guid(8d6d2cabb4c782941ba887194a8105e6) Importer(815301076,1909f56bfc062723c751e8b465ee728b)
Number of updated assets reloaded before import = 0
Start importing Assets/_TerrainAutoUpgrade/layer_DunesDunes_Normal3ec942c0ca31c357.terrainlayer using Guid(8d6d2cabb4c782941ba887194a8105e6) Importer(815301076,1909f56bfc062723c751e8b465ee728b)  -> (artifact id: 'c3e1cc5eaf9f5afc9e96a7138e306c7c') in 0.013456 seconds 
Number of asset objects unloaded after import = 4
========================================================================
Received Import Request.
  Time since last request: 2.280527 seconds.
  path: Assets/_TerrainAutoUpgrade/layer_Grass3ec942c0ca31c357.terrainlayer
  artifactKey: Guid(f6b8fd84f4dd46e43a2e7b2535cc9d20) Importer(815301076,1909f56bfc062723c751e8b465ee728b)
Number of updated assets reloaded before import = 0
Start importing Assets/_TerrainAutoUpgrade/layer_Grass3ec942c0ca31c357.terrainlayer using Guid(f6b8fd84f4dd46e43a2e7b2535cc9d20) Importer(815301076,1909f56bfc062723c751e8b465ee728b)  -> (artifact id: 'f76b0b84ce47c45c6fa3eef858514e7b') in 0.007335 seconds 
Number of asset objects unloaded after import = 2
========================================================================
Received Import Request.
  Time since last request: 18.481064 seconds.
  path: Assets/_TerrainAutoUpgrade/layer_Path3d3aba195e4d26ee.terrainlayer
  artifactKey: Guid(709d92c3fbc817e4fb63dda9606a3995) Importer(815301076,1909f56bfc062723c751e8b465ee728b)
Number of updated assets reloaded before import = 0
Start importing Assets/_TerrainAutoUpgrade/layer_Path3d3aba195e4d26ee.terrainlayer using Guid(709d92c3fbc817e4fb63dda9606a3995) Importer(815301076,1909f56bfc062723c751e8b465ee728b)  -> (artifact id: '630c6d17a897487aac42180d8809ed4b') in 0.005609 seconds 
Number of asset objects unloaded after import = 2
========================================================================
Received Import Request.
  Time since last request: 4.379531 seconds.
  path: Assets/Art/Environment/05 Dusty Desert/Textures/Dry.bmp
  artifactKey: Guid(3040951647278cf4f985a448bd2f2bd1) Importer(815301076,1909f56bfc062723c751e8b465ee728b)
Number of updated assets reloaded before import = 0
Start importing Assets/Art/Environment/05 Dusty Desert/Textures/Dry.bmp using Guid(3040951647278cf4f985a448bd2f2bd1) Importer(815301076,1909f56bfc062723c751e8b465ee728b)  -> (artifact id: '0ef215b16b6f09b814fc1075c3ad6269') in 0.035292 seconds 
Number of asset objects unloaded after import = 2
========================================================================
Received Prepare
Registering precompiled user dll's ...
Registered in 0.006173 seconds.
Begin MonoManager ReloadAssembly
Native extension for WindowsStandalone target not found
Native extension for Android target not found
Refreshing native plugins compatible for Editor in 0.66 ms, found 3 plugins.
Preloading 0 native plugins for Editor in 0.00 ms.
[Package Manager] Server::EnsureServerProcessIsRunning -- launch failed, reason: Unity was launched with the -noUpm command-line argument
[Package Manager] Cannot connect to Unity Package Manager local server
Mono: successfully reloaded assembly
- Completed reload, in  1.133 seconds
Domain Reload Profiling:
	ReloadAssembly (1133ms)
		BeginReloadAssembly (158ms)
			ExecutionOrderSort (0ms)
			DisableScriptedObjects (4ms)
			BackupInstance (0ms)
			ReleaseScriptingObjects (0ms)
			CreateAndSetChildDomain (31ms)
		EndReloadAssembly (903ms)
			LoadAssemblies (117ms)
			RebuildTransferFunctionScriptingTraits (0ms)
			SetupTypeCache (179ms)
			ReleaseScriptCaches (1ms)
			RebuildScriptCaches (32ms)
			SetupLoadedEditorAssemblies (588ms)
				LogAssemblyErrors (0ms)
				InitializePlatformSupportModulesInManaged (10ms)
				SetLoadedEditorAssemblies (0ms)
				RefreshPlugins (1ms)
				BeforeProcessingInitializeOnLoad (30ms)
				ProcessInitializeOnLoadAttributes (532ms)
				ProcessInitializeOnLoadMethodAttributes (14ms)
				AfterProcessingInitializeOnLoad (2ms)
				EditorAssembliesLoaded (0ms)
			ExecutionOrderSort2 (0ms)
			AwakeInstancesAfterBackupRestoration (5ms)
Platform modules already initialized, skipping
OnLevelWasLoaded was found on MatchManager
This message has been deprecated and will be removed in a later version of Unity.
Add a delegate to SceneManager.sceneLoaded instead to get notifications after scene loading has completed
Refreshing native plugins compatible for Editor in 0.56 ms, found 3 plugins.
Preloading 0 native plugins for Editor in 0.00 ms.
Unloading 3172 Unused Serialized files (Serialized files now loaded: 0)
Unloading 21 unused Assets / (22.0 KB). Loaded Objects now: 3753.
Memory consumption went from 135.6 MB to 135.6 MB.
Total: 2.268300 ms (FindLiveObjects: 0.195700 ms CreateObjectMapping: 0.083800 ms MarkObjects: 1.972500 ms  DeleteObjects: 0.015800 ms)

AssetImportParameters requested are different than current active one (requested -> active):
  custom:video-decoder-ogg-theora: a1e56fd34408186e4bbccfd4996cb3dc -> 
  custom:container-muxer-webm: aa71ff27fc2769a1b78a27578f13a17b -> 
  custom:container-demuxer-webm: 4f35f7cbe854078d1ac9338744f61a02 -> 
  custom:video-encoder-webm-vp8: eb34c28f22e8b96e1ab97ce403110664 -> 
  custom:video-codec-MediaFoundation-h265: 746d11721c4dcdbdad8f713fa42b33f4 -> 
  custom:CustomObjectIndexerAttribute: bc11b3a6c3213fcdd17b65e7da85e133 -> 
  custom:audio-encoder-webm-vorbis: bf7c407c2cedff20999df2af8eb42d56 -> 
  custom:framework-win-MediaFoundation: 216162199b28c13a410421893ffa2e32 -> 
  custom:SearchIndexIgnoredProperties: e643bd26f0fe6173181afceb89e7c659 -> 
  custom:container-demuxer-ogg: 62fdf1f143b41e24485cea50d1cbac27 -> 
  custom:video-decoder-webm-vp8: 9c59270c3fd7afecdb556c50c9e8de78 -> 
  custom:audio-decoder-ogg-vorbis: bf7c407c2cedff20999df2af8eb42d56 -> 
========================================================================
Received Prepare
Registering precompiled user dll's ...
Registered in 0.005459 seconds.
Begin MonoManager ReloadAssembly
Native extension for WindowsStandalone target not found
Native extension for Android target not found
Refreshing native plugins compatible for Editor in 0.67 ms, found 3 plugins.
Preloading 0 native plugins for Editor in 0.00 ms.
[Package Manager] Server::EnsureServerProcessIsRunning -- launch failed, reason: Unity was launched with the -noUpm command-line argument
[Package Manager] Cannot connect to Unity Package Manager local server
Mono: successfully reloaded assembly
- Completed reload, in  1.118 seconds
Domain Reload Profiling:
	ReloadAssembly (1118ms)
		BeginReloadAssembly (149ms)
			ExecutionOrderSort (0ms)
			DisableScriptedObjects (4ms)
			BackupInstance (0ms)
			ReleaseScriptingObjects (0ms)
			CreateAndSetChildDomain (32ms)
		EndReloadAssembly (899ms)
			LoadAssemblies (111ms)
			RebuildTransferFunctionScriptingTraits (0ms)
			SetupTypeCache (168ms)
			ReleaseScriptCaches (1ms)
			RebuildScriptCaches (31ms)
			SetupLoadedEditorAssemblies (597ms)
				LogAssemblyErrors (0ms)
				InitializePlatformSupportModulesInManaged (12ms)
				SetLoadedEditorAssemblies (0ms)
				RefreshPlugins (1ms)
				BeforeProcessingInitializeOnLoad (33ms)
				ProcessInitializeOnLoadAttributes (534ms)
				ProcessInitializeOnLoadMethodAttributes (15ms)
				AfterProcessingInitializeOnLoad (2ms)
				EditorAssembliesLoaded (0ms)
			ExecutionOrderSort2 (0ms)
			AwakeInstancesAfterBackupRestoration (5ms)
Platform modules already initialized, skipping
OnLevelWasLoaded was found on MatchManager
This message has been deprecated and will be removed in a later version of Unity.
Add a delegate to SceneManager.sceneLoaded instead to get notifications after scene loading has completed
Refreshing native plugins compatible for Editor in 0.60 ms, found 3 plugins.
Preloading 0 native plugins for Editor in 0.00 ms.
Unloading 3172 Unused Serialized files (Serialized files now loaded: 0)
Unloading 21 unused Assets / (21.9 KB). Loaded Objects now: 3756.
Memory consumption went from 135.6 MB to 135.6 MB.
Total: 2.232400 ms (FindLiveObjects: 0.190600 ms CreateObjectMapping: 0.085000 ms MarkObjects: 1.940100 ms  DeleteObjects: 0.016200 ms)

AssetImportParameters requested are different than current active one (requested -> active):
  custom:video-decoder-ogg-theora: a1e56fd34408186e4bbccfd4996cb3dc -> 
  custom:container-muxer-webm: aa71ff27fc2769a1b78a27578f13a17b -> 
  custom:container-demuxer-webm: 4f35f7cbe854078d1ac9338744f61a02 -> 
  custom:video-encoder-webm-vp8: eb34c28f22e8b96e1ab97ce403110664 -> 
  custom:video-codec-MediaFoundation-h265: 746d11721c4dcdbdad8f713fa42b33f4 -> 
  custom:CustomObjectIndexerAttribute: bc11b3a6c3213fcdd17b65e7da85e133 -> 
  custom:audio-encoder-webm-vorbis: bf7c407c2cedff20999df2af8eb42d56 -> 
  custom:framework-win-MediaFoundation: 216162199b28c13a410421893ffa2e32 -> 
  custom:SearchIndexIgnoredProperties: e643bd26f0fe6173181afceb89e7c659 -> 
  custom:container-demuxer-ogg: 62fdf1f143b41e24485cea50d1cbac27 -> 
  custom:video-decoder-webm-vp8: 9c59270c3fd7afecdb556c50c9e8de78 -> 
  custom:audio-decoder-ogg-vorbis: bf7c407c2cedff20999df2af8eb42d56 -> 
========================================================================
Received Import Request.
  Time since last request: 124.997414 seconds.
  path: Assets/Scenes/Menu.unity
  artifactKey: Guid(451586f28ff22a946b895ef0d457d0d9) Importer(815301076,1909f56bfc062723c751e8b465ee728b)
Number of updated assets reloaded before import = 0
Start importing Assets/Scenes/Menu.unity using Guid(451586f28ff22a946b895ef0d457d0d9) Importer(815301076,1909f56bfc062723c751e8b465ee728b)  -> (artifact id: 'e1a54d332851bc0fcc2654eecf7e956d') in 0.009978 seconds 
Number of asset objects unloaded after import = 0
========================================================================
Received Import Request.
  Time since last request: 6.241368 seconds.
  path: Assets/Scenes/Lobby.unity
  artifactKey: Guid(c1e00a02ec0c7304584fa323ef166aaf) Importer(815301076,1909f56bfc062723c751e8b465ee728b)
Number of updated assets reloaded before import = 0
Start importing Assets/Scenes/Lobby.unity using Guid(c1e00a02ec0c7304584fa323ef166aaf) Importer(815301076,1909f56bfc062723c751e8b465ee728b)  -> (artifact id: 'a08768c0348264b750d0396a1464242c') in 0.001202 seconds 
Number of asset objects unloaded after import = 0
========================================================================
Received Prepare
Registering precompiled user dll's ...
Registered in 0.005346 seconds.
Begin MonoManager ReloadAssembly
Native extension for WindowsStandalone target not found
Native extension for Android target not found
Refreshing native plugins compatible for Editor in 0.48 ms, found 3 plugins.
Preloading 0 native plugins for Editor in 0.00 ms.
[Package Manager] Server::EnsureServerProcessIsRunning -- launch failed, reason: Unity was launched with the -noUpm command-line argument
[Package Manager] Cannot connect to Unity Package Manager local server
Mono: successfully reloaded assembly
- Completed reload, in  1.087 seconds
Domain Reload Profiling:
	ReloadAssembly (1088ms)
		BeginReloadAssembly (142ms)
			ExecutionOrderSort (0ms)
			DisableScriptedObjects (4ms)
			BackupInstance (0ms)
			ReleaseScriptingObjects (0ms)
			CreateAndSetChildDomain (27ms)
		EndReloadAssembly (879ms)
			LoadAssemblies (108ms)
			RebuildTransferFunctionScriptingTraits (0ms)
			SetupTypeCache (156ms)
			ReleaseScriptCaches (1ms)
			RebuildScriptCaches (29ms)
			SetupLoadedEditorAssemblies (596ms)
				LogAssemblyErrors (0ms)
				InitializePlatformSupportModulesInManaged (11ms)
				SetLoadedEditorAssemblies (0ms)
				RefreshPlugins (1ms)
				BeforeProcessingInitializeOnLoad (29ms)
				ProcessInitializeOnLoadAttributes (536ms)
				ProcessInitializeOnLoadMethodAttributes (17ms)
				AfterProcessingInitializeOnLoad (2ms)
				EditorAssembliesLoaded (0ms)
			ExecutionOrderSort2 (0ms)
			AwakeInstancesAfterBackupRestoration (5ms)
Platform modules already initialized, skipping
OnLevelWasLoaded was found on MatchManager
This message has been deprecated and will be removed in a later version of Unity.
Add a delegate to SceneManager.sceneLoaded instead to get notifications after scene loading has completed
Refreshing native plugins compatible for Editor in 0.64 ms, found 3 plugins.
Preloading 0 native plugins for Editor in 0.00 ms.
Unloading 3172 Unused Serialized files (Serialized files now loaded: 0)
Unloading 21 unused Assets / (22.0 KB). Loaded Objects now: 3759.
Memory consumption went from 135.6 MB to 135.6 MB.
Total: 2.879100 ms (FindLiveObjects: 0.245000 ms CreateObjectMapping: 0.089500 ms MarkObjects: 2.521000 ms  DeleteObjects: 0.022800 ms)

AssetImportParameters requested are different than current active one (requested -> active):
  custom:video-decoder-ogg-theora: a1e56fd34408186e4bbccfd4996cb3dc -> 
  custom:container-muxer-webm: aa71ff27fc2769a1b78a27578f13a17b -> 
  custom:container-demuxer-webm: 4f35f7cbe854078d1ac9338744f61a02 -> 
  custom:video-encoder-webm-vp8: eb34c28f22e8b96e1ab97ce403110664 -> 
  custom:video-codec-MediaFoundation-h265: 746d11721c4dcdbdad8f713fa42b33f4 -> 
  custom:CustomObjectIndexerAttribute: bc11b3a6c3213fcdd17b65e7da85e133 -> 
  custom:audio-encoder-webm-vorbis: bf7c407c2cedff20999df2af8eb42d56 -> 
  custom:framework-win-MediaFoundation: 216162199b28c13a410421893ffa2e32 -> 
  custom:SearchIndexIgnoredProperties: e643bd26f0fe6173181afceb89e7c659 -> 
  custom:container-demuxer-ogg: 62fdf1f143b41e24485cea50d1cbac27 -> 
  custom:video-decoder-webm-vp8: 9c59270c3fd7afecdb556c50c9e8de78 -> 
  custom:audio-decoder-ogg-vorbis: bf7c407c2cedff20999df2af8eb42d56 -> 
========================================================================
Received Prepare
Refreshing native plugins compatible for Editor in 7.64 ms, found 3 plugins.
Preloading 0 native plugins for Editor in 0.00 ms.
Unloading 19 Unused Serialized files (Serialized files now loaded: 0)
Unloading 19 unused Assets / (21.9 KB). Loaded Objects now: 3759.
Memory consumption went from 72.4 MB to 72.4 MB.
Total: 3.857300 ms (FindLiveObjects: 0.523500 ms CreateObjectMapping: 0.333800 ms MarkObjects: 2.967600 ms  DeleteObjects: 0.031200 ms)

AssetImportParameters requested are different than current active one (requested -> active):
  custom:video-decoder-ogg-theora: a1e56fd34408186e4bbccfd4996cb3dc -> 
  custom:container-muxer-webm: aa71ff27fc2769a1b78a27578f13a17b -> 
  custom:container-demuxer-webm: 4f35f7cbe854078d1ac9338744f61a02 -> 
  custom:video-encoder-webm-vp8: eb34c28f22e8b96e1ab97ce403110664 -> 
  custom:video-codec-MediaFoundation-h265: 746d11721c4dcdbdad8f713fa42b33f4 -> 
  custom:CustomObjectIndexerAttribute: bc11b3a6c3213fcdd17b65e7da85e133 -> 
  custom:audio-encoder-webm-vorbis: bf7c407c2cedff20999df2af8eb42d56 -> 
  custom:framework-win-MediaFoundation: 216162199b28c13a410421893ffa2e32 -> 
  custom:SearchIndexIgnoredProperties: e643bd26f0fe6173181afceb89e7c659 -> 
  custom:container-demuxer-ogg: 62fdf1f143b41e24485cea50d1cbac27 -> 
  custom:video-decoder-webm-vp8: 9c59270c3fd7afecdb556c50c9e8de78 -> 
  custom:audio-decoder-ogg-vorbis: bf7c407c2cedff20999df2af8eb42d56 -> 
========================================================================
Received Prepare
Registering precompiled user dll's ...
Registered in 0.006938 seconds.
Begin MonoManager ReloadAssembly
Native extension for WindowsStandalone target not found
Native extension for Android target not found
Refreshing native plugins compatible for Editor in 0.71 ms, found 3 plugins.
Preloading 0 native plugins for Editor in 0.00 ms.
[Package Manager] Server::EnsureServerProcessIsRunning -- launch failed, reason: Unity was launched with the -noUpm command-line argument
[Package Manager] Cannot connect to Unity Package Manager local server
Mono: successfully reloaded assembly
- Completed reload, in  1.115 seconds
Domain Reload Profiling:
	ReloadAssembly (1116ms)
		BeginReloadAssembly (150ms)
			ExecutionOrderSort (0ms)
			DisableScriptedObjects (4ms)
			BackupInstance (0ms)
			ReleaseScriptingObjects (0ms)
			CreateAndSetChildDomain (27ms)
		EndReloadAssembly (892ms)
			LoadAssemblies (116ms)
			RebuildTransferFunctionScriptingTraits (0ms)
			SetupTypeCache (164ms)
			ReleaseScriptCaches (1ms)
			RebuildScriptCaches (28ms)
			SetupLoadedEditorAssemblies (599ms)
				LogAssemblyErrors (0ms)
				InitializePlatformSupportModulesInManaged (10ms)
				SetLoadedEditorAssemblies (0ms)
				RefreshPlugins (1ms)
				BeforeProcessingInitializeOnLoad (32ms)
				ProcessInitializeOnLoadAttributes (538ms)
				ProcessInitializeOnLoadMethodAttributes (16ms)
				AfterProcessingInitializeOnLoad (2ms)
				EditorAssembliesLoaded (0ms)
			ExecutionOrderSort2 (0ms)
			AwakeInstancesAfterBackupRestoration (6ms)
Platform modules already initialized, skipping
OnLevelWasLoaded was found on MatchManager
This message has been deprecated and will be removed in a later version of Unity.
Add a delegate to SceneManager.sceneLoaded instead to get notifications after scene loading has completed
Refreshing native plugins compatible for Editor in 0.64 ms, found 3 plugins.
Preloading 0 native plugins for Editor in 0.00 ms.
Unloading 3172 Unused Serialized files (Serialized files now loaded: 0)
Unloading 21 unused Assets / (21.9 KB). Loaded Objects now: 3762.
Memory consumption went from 135.6 MB to 135.6 MB.
Total: 2.484200 ms (FindLiveObjects: 0.253800 ms CreateObjectMapping: 0.083600 ms MarkObjects: 2.127300 ms  DeleteObjects: 0.018900 ms)

AssetImportParameters requested are different than current active one (requested -> active):
  custom:video-decoder-ogg-theora: a1e56fd34408186e4bbccfd4996cb3dc -> 
  custom:container-muxer-webm: aa71ff27fc2769a1b78a27578f13a17b -> 
  custom:container-demuxer-webm: 4f35f7cbe854078d1ac9338744f61a02 -> 
  custom:video-encoder-webm-vp8: eb34c28f22e8b96e1ab97ce403110664 -> 
  custom:video-codec-MediaFoundation-h265: 746d11721c4dcdbdad8f713fa42b33f4 -> 
  custom:CustomObjectIndexerAttribute: bc11b3a6c3213fcdd17b65e7da85e133 -> 
  custom:audio-encoder-webm-vorbis: bf7c407c2cedff20999df2af8eb42d56 -> 
  custom:framework-win-MediaFoundation: 216162199b28c13a410421893ffa2e32 -> 
  custom:SearchIndexIgnoredProperties: e643bd26f0fe6173181afceb89e7c659 -> 
  custom:container-demuxer-ogg: 62fdf1f143b41e24485cea50d1cbac27 -> 
  custom:video-decoder-webm-vp8: 9c59270c3fd7afecdb556c50c9e8de78 -> 
  custom:audio-decoder-ogg-vorbis: bf7c407c2cedff20999df2af8eb42d56 -> 
========================================================================
Received Prepare
Refreshing native plugins compatible for Editor in 5.72 ms, found 3 plugins.
Preloading 0 native plugins for Editor in 0.00 ms.
Unloading 19 Unused Serialized files (Serialized files now loaded: 0)
Unloading 19 unused Assets / (21.9 KB). Loaded Objects now: 3762.
Memory consumption went from 72.4 MB to 72.4 MB.
Total: 2.656700 ms (FindLiveObjects: 0.250300 ms CreateObjectMapping: 0.080200 ms MarkObjects: 2.308800 ms  DeleteObjects: 0.016800 ms)

AssetImportParameters requested are different than current active one (requested -> active):
  custom:video-decoder-ogg-theora: a1e56fd34408186e4bbccfd4996cb3dc -> 
  custom:container-muxer-webm: aa71ff27fc2769a1b78a27578f13a17b -> 
  custom:container-demuxer-webm: 4f35f7cbe854078d1ac9338744f61a02 -> 
  custom:video-encoder-webm-vp8: eb34c28f22e8b96e1ab97ce403110664 -> 
  custom:video-codec-MediaFoundation-h265: 746d11721c4dcdbdad8f713fa42b33f4 -> 
  custom:CustomObjectIndexerAttribute: bc11b3a6c3213fcdd17b65e7da85e133 -> 
  custom:audio-encoder-webm-vorbis: bf7c407c2cedff20999df2af8eb42d56 -> 
  custom:framework-win-MediaFoundation: 216162199b28c13a410421893ffa2e32 -> 
  custom:SearchIndexIgnoredProperties: e643bd26f0fe6173181afceb89e7c659 -> 
  custom:container-demuxer-ogg: 62fdf1f143b41e24485cea50d1cbac27 -> 
  custom:video-decoder-webm-vp8: 9c59270c3fd7afecdb556c50c9e8de78 -> 
  custom:audio-decoder-ogg-vorbis: bf7c407c2cedff20999df2af8eb42d56 -> 
========================================================================
Received Import Request.
  Time since last request: 733.184952 seconds.
  path: Assets/Prefabs/User Interface/Controls/ButtonControlSingleText.prefab
  artifactKey: Guid(e5d237d0846d27944a3a24718ef6c22f) Importer(815301076,1909f56bfc062723c751e8b465ee728b)
Number of updated assets reloaded before import = 0
Start importing Assets/Prefabs/User Interface/Controls/ButtonControlSingleText.prefab using Guid(e5d237d0846d27944a3a24718ef6c22f) Importer(815301076,1909f56bfc062723c751e8b465ee728b)  -> (artifact id: '5c5946d2f17630c9fac12bbee86528ae') in 0.033339 seconds 
Number of asset objects unloaded after import = 13
========================================================================
Received Import Request.
  Time since last request: 0.000016 seconds.
  path: Assets/Prefabs/User Interface/Controls/SectionHeader.prefab
  artifactKey: Guid(3d883ab2b7fc4ab49bf980169105d3c9) Importer(815301076,1909f56bfc062723c751e8b465ee728b)
Number of updated assets reloaded before import = 0
Start importing Assets/Prefabs/User Interface/Controls/SectionHeader.prefab using Guid(3d883ab2b7fc4ab49bf980169105d3c9) Importer(815301076,1909f56bfc062723c751e8b465ee728b)  -> (artifact id: '30a11e9ebebb8c195d5bea46b96d9004') in 0.003954 seconds 
Number of asset objects unloaded after import = 14
========================================================================
Received Import Request.
  Time since last request: 0.000015 seconds.
  path: Assets/Prefabs/User Interface/Controls/SelectionControl.prefab
  artifactKey: Guid(77af82ed99a824045a652fbca65e44a3) Importer(815301076,1909f56bfc062723c751e8b465ee728b)
Number of updated assets reloaded before import = 0
Start importing Assets/Prefabs/User Interface/Controls/SelectionControl.prefab using Guid(77af82ed99a824045a652fbca65e44a3) Importer(815301076,1909f56bfc062723c751e8b465ee728b)  -> (artifact id: 'b60e63df9c27da68619fb087586b6371') in 0.005002 seconds 
Number of asset objects unloaded after import = 32
========================================================================
Received Import Request.
  Time since last request: 0.000011 seconds.
  path: Assets/Prefabs/User Interface/Controls/DropdownControl.prefab
  artifactKey: Guid(d5353684710d48c4d85fd5524998741e) Importer(815301076,1909f56bfc062723c751e8b465ee728b)
Number of updated assets reloaded before import = 0
Start importing Assets/Prefabs/User Interface/Controls/DropdownControl.prefab using Guid(d5353684710d48c4d85fd5524998741e) Importer(815301076,1909f56bfc062723c751e8b465ee728b)  -> (artifact id: '2f494b5aa5a3316a642bbf11fb4ed658') in 0.002558 seconds 
Number of asset objects unloaded after import = 22
========================================================================
Received Import Request.
  Time since last request: 1.922385 seconds.
  path: Assets/Prefabs/User Interface/Controls/ButtonControlSingleText.prefab
  artifactKey: Guid(e5d237d0846d27944a3a24718ef6c22f) Importer(815301076,1909f56bfc062723c751e8b465ee728b)
Number of updated assets reloaded before import = 0
Start importing Assets/Prefabs/User Interface/Controls/ButtonControlSingleText.prefab using Guid(e5d237d0846d27944a3a24718ef6c22f) Importer(815301076,1909f56bfc062723c751e8b465ee728b)  -> (artifact id: 'bae7a041c66958d6e7e54dbbcad3f0a7') in 0.002684 seconds 
Number of asset objects unloaded after import = 13
========================================================================
Received Import Request.
  Time since last request: 0.006953 seconds.
  path: Assets/Prefabs/User Interface/Controls/ButtonControl.prefab
  artifactKey: Guid(1cebb2b64452bc340b2bd74d04a50f59) Importer(815301076,1909f56bfc062723c751e8b465ee728b)
Number of updated assets reloaded before import = 0
Start importing Assets/Prefabs/User Interface/Controls/ButtonControl.prefab using Guid(1cebb2b64452bc340b2bd74d04a50f59) Importer(815301076,1909f56bfc062723c751e8b465ee728b)  -> (artifact id: '341bf125f98b9e0bf368f0bfeb8d787e') in 0.011513 seconds 
Number of asset objects unloaded after import = 175
========================================================================
Received Prepare
Refreshing native plugins compatible for Editor in 4.77 ms, found 3 plugins.
Preloading 0 native plugins for Editor in 0.00 ms.
Unloading 19 Unused Serialized files (Serialized files now loaded: 0)
Unloading 21 unused Assets / (23.5 KB). Loaded Objects now: 3762.
Memory consumption went from 72.4 MB to 72.4 MB.
Total: 3.841400 ms (FindLiveObjects: 0.243700 ms CreateObjectMapping: 0.157000 ms MarkObjects: 3.406400 ms  DeleteObjects: 0.033500 ms)

AssetImportParameters requested are different than current active one (requested -> active):
  custom:video-decoder-ogg-theora: a1e56fd34408186e4bbccfd4996cb3dc -> 
  custom:container-muxer-webm: aa71ff27fc2769a1b78a27578f13a17b -> 
  custom:container-demuxer-webm: 4f35f7cbe854078d1ac9338744f61a02 -> 
  custom:video-encoder-webm-vp8: eb34c28f22e8b96e1ab97ce403110664 -> 
  custom:video-codec-MediaFoundation-h265: 746d11721c4dcdbdad8f713fa42b33f4 -> 
  custom:CustomObjectIndexerAttribute: bc11b3a6c3213fcdd17b65e7da85e133 -> 
  custom:audio-encoder-webm-vorbis: bf7c407c2cedff20999df2af8eb42d56 -> 
  custom:framework-win-MediaFoundation: 216162199b28c13a410421893ffa2e32 -> 
  custom:SearchIndexIgnoredProperties: e643bd26f0fe6173181afceb89e7c659 -> 
  custom:container-demuxer-ogg: 62fdf1f143b41e24485cea50d1cbac27 -> 
  custom:video-decoder-webm-vp8: 9c59270c3fd7afecdb556c50c9e8de78 -> 
  custom:audio-decoder-ogg-vorbis: bf7c407c2cedff20999df2af8eb42d56 -> 
Editor requested this worker to shutdown with reason: Scaling down because of idle timeout
AssetImportWorker is now disconnected from the server
Process exiting
Exiting without the bug reporter. Application will terminate with return code 0